<?xml version="1.0" encoding="UTF-8"?>
<!-- Generated by org.testng.reporters.JUnitReportReporter -->
<testsuite skipped="0" hostname="Praveena" name="org.maven.JJJJ" tests="4" failures="0" timestamp="25 Feb 2022 15:52:44 GMT" time="0.003" errors="0">
  <testcase name="test30" time="0.000" classname="org.maven.JJJJ"/>
  <testcase name="test10" time="0.001" classname="org.maven.JJJJ"/>
  <testcase name="test20" time="0.001" classname="org.maven.JJJJ"/>
  <testcase name="test40" time="0.001" classname="org.maven.JJJJ"/>
</testsuite> <!-- org.maven.JJJJ -->
