<?xml version="1.0" encoding="UTF-8"?>
<!-- Generated by org.testng.reporters.JUnitReportReporter -->
<testsuite skipped="0" hostname="Praveena" name="org.maven.Amazon" tests="1" failures="0" timestamp="02 Mar 2022 15:28:11 GMT" time="10.262" errors="0">
  <testcase name="runin" time="10.262" classname="org.maven.Amazon"/>
</testsuite> <!-- org.maven.Amazon -->
