<?xml version="1.0" encoding="UTF-8"?>
<!-- Generated by org.testng.reporters.JUnitReportReporter -->
<testsuite skipped="0" hostname="Praveena" name="org.maven.HHHH" tests="4" failures="0" timestamp="25 Feb 2022 15:52:44 GMT" time="0.014" errors="0">
  <testcase name="test1" time="0.012" classname="org.maven.HHHH"/>
  <testcase name="test4" time="0.001" classname="org.maven.HHHH"/>
  <testcase name="test2" time="0.001" classname="org.maven.HHHH"/>
  <testcase name="test3" time="0.000" classname="org.maven.HHHH"/>
</testsuite> <!-- org.maven.HHHH -->
