<?xml version="1.0" encoding="UTF-8"?>
<!-- Generated by org.testng.reporters.JUnitReportReporter -->
<testsuite skipped="0" hostname="Praveena" name="org.maven.XpathDemo" tests="1" failures="0" timestamp="01 Mar 2022 08:21:49 GMT" time="30.892" errors="0">
  <testcase name="Sample" time="30.892" classname="org.maven.XpathDemo"/>
</testsuite> <!-- org.maven.XpathDemo -->
